<?xml version="1.0" encoding="UTF-8"?>
<testsuite xmlns:xsi="http://www.w3.org/2001/XMLSchema-instance" xsi:noNamespaceSchemaLocation="https://maven.apache.org/surefire/maven-surefire-plugin/xsd/surefire-test-report.xsd" name="TestSuite" time="63.055" tests="17" errors="0" skipped="2" failures="5">
  <properties>
    <property name="sun.desktop" value="windows"/>
    <property name="awt.toolkit" value="sun.awt.windows.WToolkit"/>
    <property name="file.encoding.pkg" value="sun.io"/>
    <property name="java.specification.version" value="1.8"/>
    <property name="sun.cpu.isalist" value="amd64"/>
    <property name="sun.jnu.encoding" value="Cp1252"/>
    <property name="java.class.path" value="C:\Users\apothuaud\Documents\GitHub\clickclack-api-tests\target\test-classes;C:\Users\apothuaud\Documents\GitHub\clickclack-api-tests\target\classes;C:\Users\apothuaud\.m2\repository\com\google\code\gson\gson\2.8.4\gson-2.8.4.jar;C:\Users\apothuaud\.m2\repository\org\tinylog\tinylog\1.3.5\tinylog-1.3.5.jar;C:\Users\apothuaud\.m2\repository\com\fasterxml\jackson\core\jackson-databind\2.9.6\jackson-databind-2.9.6.jar;C:\Users\apothuaud\.m2\repository\com\fasterxml\jackson\core\jackson-annotations\2.9.0\jackson-annotations-2.9.0.jar;C:\Users\apothuaud\.m2\repository\com\fasterxml\jackson\core\jackson-core\2.9.6\jackson-core-2.9.6.jar;C:\Users\apothuaud\.m2\repository\org\testng\testng\7.0.0-beta1\testng-7.0.0-beta1.jar;C:\Users\apothuaud\.m2\repository\com\beust\jcommander\1.72\jcommander-1.72.jar;C:\Users\apothuaud\.m2\repository\io\rest-assured\rest-assured\3.1.1\rest-assured-3.1.1.jar;C:\Users\apothuaud\.m2\repository\org\codehaus\groovy\groovy\2.4.12\groovy-2.4.12.jar;C:\Users\apothuaud\.m2\repository\org\codehaus\groovy\groovy-xml\2.4.12\groovy-xml-2.4.12.jar;C:\Users\apothuaud\.m2\repository\org\apache\httpcomponents\httpclient\4.5.3\httpclient-4.5.3.jar;C:\Users\apothuaud\.m2\repository\org\apache\httpcomponents\httpcore\4.4.6\httpcore-4.4.6.jar;C:\Users\apothuaud\.m2\repository\commons-logging\commons-logging\1.2\commons-logging-1.2.jar;C:\Users\apothuaud\.m2\repository\commons-codec\commons-codec\1.9\commons-codec-1.9.jar;C:\Users\apothuaud\.m2\repository\org\apache\httpcomponents\httpmime\4.5.1\httpmime-4.5.1.jar;C:\Users\apothuaud\.m2\repository\org\hamcrest\hamcrest-core\1.3\hamcrest-core-1.3.jar;C:\Users\apothuaud\.m2\repository\org\hamcrest\hamcrest-library\1.3\hamcrest-library-1.3.jar;C:\Users\apothuaud\.m2\repository\org\ccil\cowan\tagsoup\tagsoup\1.2.1\tagsoup-1.2.1.jar;C:\Users\apothuaud\.m2\repository\io\rest-assured\json-path\3.1.1\json-path-3.1.1.jar;C:\Users\apothuaud\.m2\repository\org\codehaus\groovy\groovy-json\2.4.12\groovy-json-2.4.12.jar;C:\Users\apothuaud\.m2\repository\io\rest-assured\rest-assured-common\3.1.1\rest-assured-common-3.1.1.jar;C:\Users\apothuaud\.m2\repository\io\rest-assured\xml-path\3.1.1\xml-path-3.1.1.jar;C:\Users\apothuaud\.m2\repository\org\apache\commons\commons-lang3\3.4\commons-lang3-3.4.jar;C:\Users\apothuaud\.m2\repository\javax\xml\bind\jaxb-api\2.2.12\jaxb-api-2.2.12.jar;C:\Users\apothuaud\.m2\repository\io\rest-assured\json-schema-validator\3.1.1\json-schema-validator-3.1.1.jar;C:\Users\apothuaud\.m2\repository\com\github\fge\json-schema-validator\2.2.6\json-schema-validator-2.2.6.jar;C:\Users\apothuaud\.m2\repository\com\google\code\findbugs\jsr305\3.0.0\jsr305-3.0.0.jar;C:\Users\apothuaud\.m2\repository\joda-time\joda-time\2.3\joda-time-2.3.jar;C:\Users\apothuaud\.m2\repository\com\googlecode\libphonenumber\libphonenumber\6.2\libphonenumber-6.2.jar;C:\Users\apothuaud\.m2\repository\com\github\fge\json-schema-core\1.2.5\json-schema-core-1.2.5.jar;C:\Users\apothuaud\.m2\repository\com\github\fge\uri-template\0.9\uri-template-0.9.jar;C:\Users\apothuaud\.m2\repository\com\github\fge\msg-simple\1.1\msg-simple-1.1.jar;C:\Users\apothuaud\.m2\repository\com\github\fge\btf\1.2\btf-1.2.jar;C:\Users\apothuaud\.m2\repository\com\google\guava\guava\16.0.1\guava-16.0.1.jar;C:\Users\apothuaud\.m2\repository\com\github\fge\jackson-coreutils\1.8\jackson-coreutils-1.8.jar;C:\Users\apothuaud\.m2\repository\org\mozilla\rhino\1.7R4\rhino-1.7R4.jar;C:\Users\apothuaud\.m2\repository\javax\mail\mailapi\1.4.3\mailapi-1.4.3.jar;C:\Users\apothuaud\.m2\repository\javax\activation\activation\1.1\activation-1.1.jar;C:\Users\apothuaud\.m2\repository\net\sf\jopt-simple\jopt-simple\4.6\jopt-simple-4.6.jar;C:\Users\apothuaud\.m2\repository\com\thorium\rest-assured-models\1.0-SNAPSHOT\rest-assured-models-1.0-SNAPSHOT.jar;C:\Users\apothuaud\.m2\repository\org\apache\maven\surefire\surefire-testng\2.22.0\surefire-testng-2.22.0.jar;C:\Users\apothuaud\.m2\repository\org\apache\maven\surefire\common-java5\2.22.0\common-java5-2.22.0.jar;C:\Users\apothuaud\.m2\repository\org\apache\maven\surefire\surefire-testng-utils\2.22.0\surefire-testng-utils-2.22.0.jar;C:\Users\apothuaud\.m2\repository\org\apache\maven\surefire\surefire-grouper\2.22.0\surefire-grouper-2.22.0.jar;C:\Users\apothuaud\.m2\repository\org\apache\maven\surefire\surefire-api\2.22.0\surefire-api-2.22.0.jar;C:\Users\apothuaud\.m2\repository\org\apache\maven\surefire\surefire-logger-api\2.22.0\surefire-logger-api-2.22.0.jar;C:\Users\apothuaud\.m2\repository\com\relevantcodes\extentreports\2.41.2\extentreports-2.41.2.jar;C:\Users\apothuaud\.m2\repository\org\jsoup\jsoup\1.8.3\jsoup-1.8.3.jar;C:\Users\apothuaud\.m2\repository\org\xerial\sqlite-jdbc\3.8.11.1\sqlite-jdbc-3.8.11.1.jar;C:\Users\apothuaud\.m2\repository\org\freemarker\freemarker\2.3.23\freemarker-2.3.23.jar;C:\Users\apothuaud\.m2\repository\org\mongodb\mongodb-driver\3.0.4\mongodb-driver-3.0.4.jar;C:\Users\apothuaud\.m2\repository\org\mongodb\bson\3.0.4\bson-3.0.4.jar;C:\Users\apothuaud\.m2\repository\org\mongodb\mongodb-driver-core\3.0.4\mongodb-driver-core-3.0.4.jar;"/>
    <property name="java.vm.vendor" value="Oracle Corporation"/>
    <property name="sun.arch.data.model" value="64"/>
    <property name="user.variant" value=""/>
    <property name="java.vendor.url" value="http://java.oracle.com/"/>
    <property name="user.timezone" value="Europe/Paris"/>
    <property name="java.vm.specification.version" value="1.8"/>
    <property name="os.name" value="Windows 7"/>
    <property name="user.country" value="FR"/>
    <property name="sun.java.launcher" value="SUN_STANDARD"/>
    <property name="sun.boot.library.path" value="C:\Program Files\Java\jdk1.8.0_181\jre\bin"/>
    <property name="sun.java.command" value="C:\Users\APOTHU~1\AppData\Local\Temp\surefire3836347087158762048\surefirebooter8489134359483438378.jar C:\Users\apothuaud\AppData\Local\Temp\surefire3836347087158762048 2018-12-12T16-55-50_950-jvmRun1 surefire3913312356211814958tmp surefire_01131453129167679010tmp"/>
    <property name="surefire.test.class.path" value="C:\Users\apothuaud\Documents\GitHub\clickclack-api-tests\target\test-classes;C:\Users\apothuaud\Documents\GitHub\clickclack-api-tests\target\classes;C:\Users\apothuaud\.m2\repository\com\google\code\gson\gson\2.8.4\gson-2.8.4.jar;C:\Users\apothuaud\.m2\repository\org\tinylog\tinylog\1.3.5\tinylog-1.3.5.jar;C:\Users\apothuaud\.m2\repository\com\fasterxml\jackson\core\jackson-databind\2.9.6\jackson-databind-2.9.6.jar;C:\Users\apothuaud\.m2\repository\com\fasterxml\jackson\core\jackson-annotations\2.9.0\jackson-annotations-2.9.0.jar;C:\Users\apothuaud\.m2\repository\com\fasterxml\jackson\core\jackson-core\2.9.6\jackson-core-2.9.6.jar;C:\Users\apothuaud\.m2\repository\org\testng\testng\7.0.0-beta1\testng-7.0.0-beta1.jar;C:\Users\apothuaud\.m2\repository\com\beust\jcommander\1.72\jcommander-1.72.jar;C:\Users\apothuaud\.m2\repository\io\rest-assured\rest-assured\3.1.1\rest-assured-3.1.1.jar;C:\Users\apothuaud\.m2\repository\org\codehaus\groovy\groovy\2.4.12\groovy-2.4.12.jar;C:\Users\apothuaud\.m2\repository\org\codehaus\groovy\groovy-xml\2.4.12\groovy-xml-2.4.12.jar;C:\Users\apothuaud\.m2\repository\org\apache\httpcomponents\httpclient\4.5.3\httpclient-4.5.3.jar;C:\Users\apothuaud\.m2\repository\org\apache\httpcomponents\httpcore\4.4.6\httpcore-4.4.6.jar;C:\Users\apothuaud\.m2\repository\commons-logging\commons-logging\1.2\commons-logging-1.2.jar;C:\Users\apothuaud\.m2\repository\commons-codec\commons-codec\1.9\commons-codec-1.9.jar;C:\Users\apothuaud\.m2\repository\org\apache\httpcomponents\httpmime\4.5.1\httpmime-4.5.1.jar;C:\Users\apothuaud\.m2\repository\org\hamcrest\hamcrest-core\1.3\hamcrest-core-1.3.jar;C:\Users\apothuaud\.m2\repository\org\hamcrest\hamcrest-library\1.3\hamcrest-library-1.3.jar;C:\Users\apothuaud\.m2\repository\org\ccil\cowan\tagsoup\tagsoup\1.2.1\tagsoup-1.2.1.jar;C:\Users\apothuaud\.m2\repository\io\rest-assured\json-path\3.1.1\json-path-3.1.1.jar;C:\Users\apothuaud\.m2\repository\org\codehaus\groovy\groovy-json\2.4.12\groovy-json-2.4.12.jar;C:\Users\apothuaud\.m2\repository\io\rest-assured\rest-assured-common\3.1.1\rest-assured-common-3.1.1.jar;C:\Users\apothuaud\.m2\repository\io\rest-assured\xml-path\3.1.1\xml-path-3.1.1.jar;C:\Users\apothuaud\.m2\repository\org\apache\commons\commons-lang3\3.4\commons-lang3-3.4.jar;C:\Users\apothuaud\.m2\repository\javax\xml\bind\jaxb-api\2.2.12\jaxb-api-2.2.12.jar;C:\Users\apothuaud\.m2\repository\io\rest-assured\json-schema-validator\3.1.1\json-schema-validator-3.1.1.jar;C:\Users\apothuaud\.m2\repository\com\github\fge\json-schema-validator\2.2.6\json-schema-validator-2.2.6.jar;C:\Users\apothuaud\.m2\repository\com\google\code\findbugs\jsr305\3.0.0\jsr305-3.0.0.jar;C:\Users\apothuaud\.m2\repository\joda-time\joda-time\2.3\joda-time-2.3.jar;C:\Users\apothuaud\.m2\repository\com\googlecode\libphonenumber\libphonenumber\6.2\libphonenumber-6.2.jar;C:\Users\apothuaud\.m2\repository\com\github\fge\json-schema-core\1.2.5\json-schema-core-1.2.5.jar;C:\Users\apothuaud\.m2\repository\com\github\fge\uri-template\0.9\uri-template-0.9.jar;C:\Users\apothuaud\.m2\repository\com\github\fge\msg-simple\1.1\msg-simple-1.1.jar;C:\Users\apothuaud\.m2\repository\com\github\fge\btf\1.2\btf-1.2.jar;C:\Users\apothuaud\.m2\repository\com\google\guava\guava\16.0.1\guava-16.0.1.jar;C:\Users\apothuaud\.m2\repository\com\github\fge\jackson-coreutils\1.8\jackson-coreutils-1.8.jar;C:\Users\apothuaud\.m2\repository\org\mozilla\rhino\1.7R4\rhino-1.7R4.jar;C:\Users\apothuaud\.m2\repository\javax\mail\mailapi\1.4.3\mailapi-1.4.3.jar;C:\Users\apothuaud\.m2\repository\javax\activation\activation\1.1\activation-1.1.jar;C:\Users\apothuaud\.m2\repository\net\sf\jopt-simple\jopt-simple\4.6\jopt-simple-4.6.jar;C:\Users\apothuaud\.m2\repository\com\thorium\rest-assured-models\1.0-SNAPSHOT\rest-assured-models-1.0-SNAPSHOT.jar;C:\Users\apothuaud\.m2\repository\org\apache\maven\surefire\surefire-testng\2.22.0\surefire-testng-2.22.0.jar;C:\Users\apothuaud\.m2\repository\org\apache\maven\surefire\common-java5\2.22.0\common-java5-2.22.0.jar;C:\Users\apothuaud\.m2\repository\org\apache\maven\surefire\surefire-testng-utils\2.22.0\surefire-testng-utils-2.22.0.jar;C:\Users\apothuaud\.m2\repository\org\apache\maven\surefire\surefire-grouper\2.22.0\surefire-grouper-2.22.0.jar;C:\Users\apothuaud\.m2\repository\org\apache\maven\surefire\surefire-api\2.22.0\surefire-api-2.22.0.jar;C:\Users\apothuaud\.m2\repository\org\apache\maven\surefire\surefire-logger-api\2.22.0\surefire-logger-api-2.22.0.jar;C:\Users\apothuaud\.m2\repository\com\relevantcodes\extentreports\2.41.2\extentreports-2.41.2.jar;C:\Users\apothuaud\.m2\repository\org\jsoup\jsoup\1.8.3\jsoup-1.8.3.jar;C:\Users\apothuaud\.m2\repository\org\xerial\sqlite-jdbc\3.8.11.1\sqlite-jdbc-3.8.11.1.jar;C:\Users\apothuaud\.m2\repository\org\freemarker\freemarker\2.3.23\freemarker-2.3.23.jar;C:\Users\apothuaud\.m2\repository\org\mongodb\mongodb-driver\3.0.4\mongodb-driver-3.0.4.jar;C:\Users\apothuaud\.m2\repository\org\mongodb\bson\3.0.4\bson-3.0.4.jar;C:\Users\apothuaud\.m2\repository\org\mongodb\mongodb-driver-core\3.0.4\mongodb-driver-core-3.0.4.jar;"/>
    <property name="sun.cpu.endian" value="little"/>
    <property name="user.home" value="C:\Users\apothuaud"/>
    <property name="user.language" value="fr"/>
    <property name="java.specification.vendor" value="Oracle Corporation"/>
    <property name="java.home" value="C:\Program Files\Java\jdk1.8.0_181\jre"/>
    <property name="basedir" value="C:\Users\apothuaud\Documents\GitHub\clickclack-api-tests"/>
    <property name="file.separator" value="\"/>
    <property name="line.separator" value="&#10;"/>
    <property name="java.vm.specification.vendor" value="Oracle Corporation"/>
    <property name="java.specification.name" value="Java Platform API Specification"/>
    <property name="java.awt.graphicsenv" value="sun.awt.Win32GraphicsEnvironment"/>
    <property name="surefire.real.class.path" value="C:\Users\APOTHU~1\AppData\Local\Temp\surefire3836347087158762048\surefirebooter8489134359483438378.jar"/>
    <property name="sun.boot.class.path" value="C:\Program Files\Java\jdk1.8.0_181\jre\lib\resources.jar;C:\Program Files\Java\jdk1.8.0_181\jre\lib\rt.jar;C:\Program Files\Java\jdk1.8.0_181\jre\lib\sunrsasign.jar;C:\Program Files\Java\jdk1.8.0_181\jre\lib\jsse.jar;C:\Program Files\Java\jdk1.8.0_181\jre\lib\jce.jar;C:\Program Files\Java\jdk1.8.0_181\jre\lib\charsets.jar;C:\Program Files\Java\jdk1.8.0_181\jre\lib\jfr.jar;C:\Program Files\Java\jdk1.8.0_181\jre\classes"/>
    <property name="user.script" value=""/>
    <property name="sun.management.compiler" value="HotSpot 64-Bit Tiered Compilers"/>
    <property name="java.runtime.version" value="1.8.0_181-b13"/>
    <property name="user.name" value="apothuaud"/>
    <property name="path.separator" value=";"/>
    <property name="os.version" value="6.1"/>
    <property name="java.endorsed.dirs" value="C:\Program Files\Java\jdk1.8.0_181\jre\lib\endorsed"/>
    <property name="java.runtime.name" value="Java(TM) SE Runtime Environment"/>
    <property name="file.encoding" value="Cp1252"/>
    <property name="data.provider" value="rec"/>
    <property name="java.vm.name" value="Java HotSpot(TM) 64-Bit Server VM"/>
    <property name="localRepository" value="C:\Users\apothuaud\.m2\repository"/>
    <property name="java.vendor.url.bug" value="http://bugreport.sun.com/bugreport/"/>
    <property name="java.io.tmpdir" value="C:\Users\APOTHU~1\AppData\Local\Temp\"/>
    <property name="java.version" value="1.8.0_181"/>
    <property name="user.dir" value="C:\Users\apothuaud\Documents\GitHub\clickclack-api-tests"/>
    <property name="os.arch" value="amd64"/>
    <property name="java.vm.specification.name" value="Java Virtual Machine Specification"/>
    <property name="java.awt.printerjob" value="sun.awt.windows.WPrinterJob"/>
    <property name="sun.os.patch.level" value="Service Pack 1"/>
    <property name="java.library.path" value="C:\Program Files\Java\jdk1.8.0_181\jre\bin;C:\WINDOWS\Sun\Java\bin;C:\WINDOWS\system32;C:\WINDOWS;C:\Program Files (x86)\Common Files\Oracle\Java\javapath;C:\ProgramData\Oracle\Java\javapath;C:\WINDOWS\system32;C:\WINDOWS;C:\WINDOWS\System32\Wbem;C:\WINDOWS\System32\WindowsPowerShell\v1.0\;C:\WINDOWS\System32\WindowsPowerShell\v1.0\;C:\Program Files\Intel\WiFi\bin\;C:\Program Files\Common Files\Intel\WirelessCommon\;C:\Program Files\nodejs\;C:\Program Files\Git\cmd;C:\Program Files\Java\jdk1.8.0_181\bin;C:\Program Files\nodejs;C:\Program Files\apache-maven-3.5.4\bin;C:\WINDOWS\System32\WindowsPowerShell\v1.0\;C:\WINDOWS\System32\WindowsPowerShell\v1.0\;C:\Users\apothuaud\AppData\Roaming\npm;C:\Users\apothuaud\AppData\Local\GitHubDesktop\bin;C:\Program Files\Docker Toolbox;C:\Users\apothuaud\AppData\Local\atom\bin;."/>
    <property name="java.vm.info" value="mixed mode"/>
    <property name="java.vendor" value="New Oracle"/>
    <property name="java.vm.version" value="25.181-b13"/>
    <property name="propertyName" value="data.provider"/>
    <property name="java.ext.dirs" value="C:\Program Files\Java\jdk1.8.0_181\jre\lib\ext;C:\WINDOWS\Sun\Java\lib\ext"/>
    <property name="sun.io.unicode.encoding" value="UnicodeLittle"/>
    <property name="java.class.version" value="52.0"/>
  </properties>
  <testcase name="getClacksHasStatusCodeOk" classname="com.clickclack.api.autotests.draft.v1.ClacksEndPointTestSet" time="3.142">
    <failure message="Connection refused: connect" type="java.net.ConnectException">java.net.ConnectException: Connection refused: connect
	at com.clickclack.api.autotests.draft.v1.ClacksEndPointTestSet.getClacksHasStatusCodeOk(ClacksEndPointTestSet.java:24)
</failure>
    <system-out><![CDATA[Body:
{
    "text": "Début d'exécution des tests.\nClickClack API Draft v1"
}
<html>
  <body>ok</body>
</html>
java.net.ConnectException: Connection refused: connect
	at java.net.DualStackPlainSocketImpl.connect0(Native Method)
	at java.net.DualStackPlainSocketImpl.socketConnect(DualStackPlainSocketImpl.java:79)
	at java.net.AbstractPlainSocketImpl.doConnect(AbstractPlainSocketImpl.java:350)
	at java.net.AbstractPlainSocketImpl.connectToAddress(AbstractPlainSocketImpl.java:206)
	at java.net.AbstractPlainSocketImpl.connect(AbstractPlainSocketImpl.java:188)
	at java.net.PlainSocketImpl.connect(PlainSocketImpl.java:172)
	at java.net.SocksSocketImpl.connect(SocksSocketImpl.java:392)
	at java.net.Socket.connect(Socket.java:589)
	at org.apache.http.conn.scheme.PlainSocketFactory.connectSocket(PlainSocketFactory.java:121)
	at org.apache.http.impl.conn.DefaultClientConnectionOperator.openConnection(DefaultClientConnectionOperator.java:180)
	at org.apache.http.impl.conn.ManagedClientConnectionImpl.open(ManagedClientConnectionImpl.java:326)
	at org.apache.http.impl.client.DefaultRequestDirector.tryConnect(DefaultRequestDirector.java:610)
	at org.apache.http.impl.client.DefaultRequestDirector.execute(DefaultRequestDirector.java:445)
	at org.apache.http.impl.client.AbstractHttpClient.doExecute(AbstractHttpClient.java:835)
	at org.apache.http.impl.client.CloseableHttpClient.execute(CloseableHttpClient.java:83)
	at org.apache.http.impl.client.CloseableHttpClient.execute(CloseableHttpClient.java:56)
	at org.apache.http.client.HttpClient$execute$0.call(Unknown Source)
	at org.codehaus.groovy.runtime.callsite.CallSiteArray.defaultCall(CallSiteArray.java:48)
	at org.apache.http.client.HttpClient$execute$0.call(Unknown Source)
	at io.restassured.internal.RequestSpecificationImpl$RestAssuredHttpBuilder.doRequest(RequestSpecificationImpl.groovy:2141)
	at io.restassured.internal.http.HTTPBuilder.doRequest(HTTPBuilder.java:494)
	at io.restassured.internal.http.HTTPBuilder.request(HTTPBuilder.java:451)
	at io.restassured.internal.http.HTTPBuilder$request$3.call(Unknown Source)
	at org.codehaus.groovy.runtime.callsite.CallSiteArray.defaultCall(CallSiteArray.java:48)
	at org.codehaus.groovy.runtime.callsite.AbstractCallSite.call(AbstractCallSite.java:113)
	at org.codehaus.groovy.runtime.callsite.AbstractCallSite.call(AbstractCallSite.java:149)
	at io.restassured.internal.RequestSpecificationImpl.sendHttpRequest(RequestSpecificationImpl.groovy:1544)
	at sun.reflect.NativeMethodAccessorImpl.invoke0(Native Method)
	at sun.reflect.NativeMethodAccessorImpl.invoke(NativeMethodAccessorImpl.java:62)
	at sun.reflect.DelegatingMethodAccessorImpl.invoke(DelegatingMethodAccessorImpl.java:43)
	at java.lang.reflect.Method.invoke(Method.java:498)
	at org.codehaus.groovy.reflection.CachedMethod.invoke(CachedMethod.java:93)
	at groovy.lang.MetaMethod.doMethodInvoke(MetaMethod.java:325)
	at groovy.lang.MetaClassImpl.invokeMethod(MetaClassImpl.java:1213)
	at groovy.lang.MetaClassImpl.invokeMethod(MetaClassImpl.java:1022)
	at groovy.lang.MetaClassImpl.invokeMethod(MetaClassImpl.java:810)
	at io.restassured.internal.RequestSpecificationImpl.invokeMethod(RequestSpecificationImpl.groovy)
	at org.codehaus.groovy.runtime.callsite.PogoInterceptableSite.call(PogoInterceptableSite.java:48)
	at org.codehaus.groovy.runtime.callsite.PogoInterceptableSite.callCurrent(PogoInterceptableSite.java:58)
	at org.codehaus.groovy.runtime.callsite.CallSiteArray.defaultCallCurrent(CallSiteArray.java:52)
	at org.codehaus.groovy.runtime.callsite.AbstractCallSite.callCurrent(AbstractCallSite.java:154)
	at io.restassured.internal.RequestSpecificationImpl.sendRequest(RequestSpecificationImpl.groovy:1293)
	at sun.reflect.NativeMethodAccessorImpl.invoke0(Native Method)
	at sun.reflect.NativeMethodAccessorImpl.invoke(NativeMethodAccessorImpl.java:62)
	at sun.reflect.DelegatingMethodAccessorImpl.invoke(DelegatingMethodAccessorImpl.java:43)
	at java.lang.reflect.Method.invoke(Method.java:498)
	at org.codehaus.groovy.reflection.CachedMethod.invoke(CachedMethod.java:93)
	at groovy.lang.MetaMethod.doMethodInvoke(MetaMethod.java:325)
	at groovy.lang.MetaClassImpl.invokeMethod(MetaClassImpl.java:1213)
	at groovy.lang.MetaClassImpl.invokeMethod(MetaClassImpl.java:1022)
	at groovy.lang.MetaClassImpl.invokeMethod(MetaClassImpl.java:810)
	at io.restassured.internal.RequestSpecificationImpl.invokeMethod(RequestSpecificationImpl.groovy)
	at org.codehaus.groovy.runtime.callsite.PogoInterceptableSite.call(PogoInterceptableSite.java:48)
	at org.codehaus.groovy.runtime.callsite.AbstractCallSite.call(AbstractCallSite.java:149)
	at io.restassured.internal.filter.SendRequestFilter.filter(SendRequestFilter.groovy:30)
	at io.restassured.filter.Filter$filter$0.call(Unknown Source)
	at org.codehaus.groovy.runtime.callsite.CallSiteArray.defaultCall(CallSiteArray.java:48)
	at io.restassured.filter.Filter$filter.call(Unknown Source)
	at io.restassured.internal.filter.FilterContextImpl.next(FilterContextImpl.groovy:72)
	at io.restassured.filter.time.TimingFilter.filter(TimingFilter.java:56)
	at io.restassured.filter.Filter$filter.call(Unknown Source)
	at org.codehaus.groovy.runtime.callsite.CallSiteArray.defaultCall(CallSiteArray.java:48)
	at io.restassured.filter.Filter$filter$0.call(Unknown Source)
	at io.restassured.internal.filter.FilterContextImpl.next(FilterContextImpl.groovy:72)
	at io.restassured.filter.FilterContext$next.call(Unknown Source)
	at io.restassured.internal.RequestSpecificationImpl.applyPathParamsAndSendRequest(RequestSpecificationImpl.groovy:1744)
	at sun.reflect.NativeMethodAccessorImpl.invoke0(Native Method)
	at sun.reflect.NativeMethodAccessorImpl.invoke(NativeMethodAccessorImpl.java:62)
	at sun.reflect.DelegatingMethodAccessorImpl.invoke(DelegatingMethodAccessorImpl.java:43)
	at java.lang.reflect.Method.invoke(Method.java:498)
	at org.codehaus.groovy.reflection.CachedMethod.invoke(CachedMethod.java:93)
	at groovy.lang.MetaMethod.doMethodInvoke(MetaMethod.java:325)
	at groovy.lang.MetaClassImpl.invokeMethod(MetaClassImpl.java:1213)
	at groovy.lang.MetaClassImpl.invokeMethod(MetaClassImpl.java:1022)
	at groovy.lang.MetaClassImpl.invokeMethod(MetaClassImpl.java:810)
	at io.restassured.internal.RequestSpecificationImpl.invokeMethod(RequestSpecificationImpl.groovy)
	at org.codehaus.groovy.runtime.callsite.PogoInterceptableSite.call(PogoInterceptableSite.java:48)
	at org.codehaus.groovy.runtime.callsite.PogoInterceptableSite.callCurrent(PogoInterceptableSite.java:58)
	at org.codehaus.groovy.runtime.callsite.CallSiteArray.defaultCallCurrent(CallSiteArray.java:52)
	at org.codehaus.groovy.runtime.callsite.AbstractCallSite.callCurrent(AbstractCallSite.java:154)
	at org.codehaus.groovy.runtime.callsite.AbstractCallSite.callCurrent(AbstractCallSite.java:182)
	at io.restassured.internal.RequestSpecificationImpl.request(RequestSpecificationImpl.groovy:295)
	at io.restassured.internal.RequestSpecificationImpl.request(RequestSpecificationImpl.groovy)
	at com.clickclack.api.autotests.common.MyRequest.send(MyRequest.java:71)
	at com.clickclack.api.autotests.draft.v1.ClacksEndPointTestSet.getClacksHasStatusCodeOk(ClacksEndPointTestSet.java:24)
	at sun.reflect.NativeMethodAccessorImpl.invoke0(Native Method)
	at sun.reflect.NativeMethodAccessorImpl.invoke(NativeMethodAccessorImpl.java:62)
	at sun.reflect.DelegatingMethodAccessorImpl.invoke(DelegatingMethodAccessorImpl.java:43)
	at java.lang.reflect.Method.invoke(Method.java:498)
	at org.testng.internal.MethodInvocationHelper.invokeMethod(MethodInvocationHelper.java:131)
	at org.testng.internal.Invoker.invokeMethod(Invoker.java:658)
	at org.testng.internal.Invoker.invokeTestMethod(Invoker.java:792)
	at org.testng.internal.Invoker.invokeTestMethods(Invoker.java:1103)
	at org.testng.internal.TestMethodWorker.invokeTestMethods(TestMethodWorker.java:140)
	at org.testng.internal.TestMethodWorker.run(TestMethodWorker.java:122)
	at java.util.concurrent.ThreadPoolExecutor.runWorker(ThreadPoolExecutor.java:1149)
	at java.util.concurrent.ThreadPoolExecutor$Worker.run(ThreadPoolExecutor.java:624)
	at java.lang.Thread.run(Thread.java:748)

Body:
{
    "text": "1 Test => FAILED",
    "attachments": [
        {
            "fallback": "fallback",
            "pretext": "détails ci-dessous",
            "color": "#D00000",
            "fields": [
                {
                    "title": "com.clickclack.api.autotests.draft.v1.ClacksEndPointTestSet.getClacksHasStatusCodeOk",
                    "value": "Connection refused: connect",
                    "short": false
                }
            ]
        }
    ]
}
<html>
  <body>ok</body>
</html>
]]></system-out>
  </testcase>
  <testcase name="getClacksHasStatusCodeOk" classname="com.clickclack.api.autotests.draft.v1.ClacksEndPointTestSet" time="7.905"/>
  <testcase name="getClacksHasStatusCodeOk" classname="com.clickclack.api.autotests.draft.v1.ClacksEndPointTestSet" time="9.519"/>
  <testcase name="postClacksHasStatusCodeCreated" classname="com.clickclack.api.autotests.draft.v1.ClacksEndPointTestSet" time="11.181">
    <failure message="Connection refused: connect" type="java.net.ConnectException">java.net.ConnectException: Connection refused: connect
	at com.clickclack.api.autotests.draft.v1.ClacksEndPointTestSet.postClacksHasStatusCodeCreated(ClacksEndPointTestSet.java:45)
</failure>
    <system-out><![CDATA[java.net.ConnectException: Connection refused: connect
	at java.net.DualStackPlainSocketImpl.connect0(Native Method)
	at java.net.DualStackPlainSocketImpl.socketConnect(DualStackPlainSocketImpl.java:79)
	at java.net.AbstractPlainSocketImpl.doConnect(AbstractPlainSocketImpl.java:350)
	at java.net.AbstractPlainSocketImpl.connectToAddress(AbstractPlainSocketImpl.java:206)
	at java.net.AbstractPlainSocketImpl.connect(AbstractPlainSocketImpl.java:188)
	at java.net.PlainSocketImpl.connect(PlainSocketImpl.java:172)
	at java.net.SocksSocketImpl.connect(SocksSocketImpl.java:392)
	at java.net.Socket.connect(Socket.java:589)
	at org.apache.http.conn.scheme.PlainSocketFactory.connectSocket(PlainSocketFactory.java:121)
	at org.apache.http.impl.conn.DefaultClientConnectionOperator.openConnection(DefaultClientConnectionOperator.java:180)
	at org.apache.http.impl.conn.ManagedClientConnectionImpl.open(ManagedClientConnectionImpl.java:326)
	at org.apache.http.impl.client.DefaultRequestDirector.tryConnect(DefaultRequestDirector.java:610)
	at org.apache.http.impl.client.DefaultRequestDirector.execute(DefaultRequestDirector.java:445)
	at org.apache.http.impl.client.AbstractHttpClient.doExecute(AbstractHttpClient.java:835)
	at org.apache.http.impl.client.CloseableHttpClient.execute(CloseableHttpClient.java:83)
	at org.apache.http.impl.client.CloseableHttpClient.execute(CloseableHttpClient.java:56)
	at org.apache.http.client.HttpClient$execute$0.call(Unknown Source)
	at org.codehaus.groovy.runtime.callsite.CallSiteArray.defaultCall(CallSiteArray.java:48)
	at org.apache.http.client.HttpClient$execute$0.call(Unknown Source)
	at io.restassured.internal.RequestSpecificationImpl$RestAssuredHttpBuilder.doRequest(RequestSpecificationImpl.groovy:2141)
	at io.restassured.internal.http.HTTPBuilder.post(HTTPBuilder.java:349)
	at io.restassured.internal.http.HTTPBuilder$post$2.call(Unknown Source)
	at io.restassured.internal.RequestSpecificationImpl.sendRequest(RequestSpecificationImpl.groovy:1274)
	at sun.reflect.NativeMethodAccessorImpl.invoke0(Native Method)
	at sun.reflect.NativeMethodAccessorImpl.invoke(NativeMethodAccessorImpl.java:62)
	at sun.reflect.DelegatingMethodAccessorImpl.invoke(DelegatingMethodAccessorImpl.java:43)
	at java.lang.reflect.Method.invoke(Method.java:498)
	at org.codehaus.groovy.reflection.CachedMethod.invoke(CachedMethod.java:93)
	at groovy.lang.MetaMethod.doMethodInvoke(MetaMethod.java:325)
	at groovy.lang.MetaClassImpl.invokeMethod(MetaClassImpl.java:1213)
	at groovy.lang.MetaClassImpl.invokeMethod(MetaClassImpl.java:1022)
	at groovy.lang.MetaClassImpl.invokeMethod(MetaClassImpl.java:810)
	at io.restassured.internal.RequestSpecificationImpl.invokeMethod(RequestSpecificationImpl.groovy)
	at org.codehaus.groovy.runtime.callsite.PogoInterceptableSite.call(PogoInterceptableSite.java:48)
	at org.codehaus.groovy.runtime.callsite.AbstractCallSite.call(AbstractCallSite.java:149)
	at io.restassured.internal.filter.SendRequestFilter.filter(SendRequestFilter.groovy:30)
	at io.restassured.filter.Filter$filter$0.call(Unknown Source)
	at org.codehaus.groovy.runtime.callsite.CallSiteArray.defaultCall(CallSiteArray.java:48)
	at io.restassured.filter.Filter$filter.call(Unknown Source)
	at io.restassured.internal.filter.FilterContextImpl.next(FilterContextImpl.groovy:72)
	at io.restassured.filter.time.TimingFilter.filter(TimingFilter.java:56)
	at io.restassured.filter.Filter$filter.call(Unknown Source)
	at org.codehaus.groovy.runtime.callsite.CallSiteArray.defaultCall(CallSiteArray.java:48)
	at io.restassured.filter.Filter$filter$0.call(Unknown Source)
	at io.restassured.internal.filter.FilterContextImpl.next(FilterContextImpl.groovy:72)
	at io.restassured.filter.FilterContext$next.call(Unknown Source)
	at io.restassured.internal.RequestSpecificationImpl.applyPathParamsAndSendRequest(RequestSpecificationImpl.groovy:1744)
	at sun.reflect.NativeMethodAccessorImpl.invoke0(Native Method)
	at sun.reflect.NativeMethodAccessorImpl.invoke(NativeMethodAccessorImpl.java:62)
	at sun.reflect.DelegatingMethodAccessorImpl.invoke(DelegatingMethodAccessorImpl.java:43)
	at java.lang.reflect.Method.invoke(Method.java:498)
	at org.codehaus.groovy.reflection.CachedMethod.invoke(CachedMethod.java:93)
	at groovy.lang.MetaMethod.doMethodInvoke(MetaMethod.java:325)
	at groovy.lang.MetaClassImpl.invokeMethod(MetaClassImpl.java:1213)
	at groovy.lang.MetaClassImpl.invokeMethod(MetaClassImpl.java:1022)
	at groovy.lang.MetaClassImpl.invokeMethod(MetaClassImpl.java:810)
	at io.restassured.internal.RequestSpecificationImpl.invokeMethod(RequestSpecificationImpl.groovy)
	at org.codehaus.groovy.runtime.callsite.PogoInterceptableSite.call(PogoInterceptableSite.java:48)
	at org.codehaus.groovy.runtime.callsite.PogoInterceptableSite.callCurrent(PogoInterceptableSite.java:58)
	at org.codehaus.groovy.runtime.callsite.AbstractCallSite.callCurrent(AbstractCallSite.java:182)
	at io.restassured.internal.RequestSpecificationImpl.request(RequestSpecificationImpl.groovy:295)
	at io.restassured.internal.RequestSpecificationImpl.request(RequestSpecificationImpl.groovy)
	at com.clickclack.api.autotests.common.MyRequest.send(MyRequest.java:71)
	at com.clickclack.api.autotests.draft.v1.ClacksEndPointTestSet.postClacksHasStatusCodeCreated(ClacksEndPointTestSet.java:45)
	at sun.reflect.NativeMethodAccessorImpl.invoke0(Native Method)
	at sun.reflect.NativeMethodAccessorImpl.invoke(NativeMethodAccessorImpl.java:62)
	at sun.reflect.DelegatingMethodAccessorImpl.invoke(DelegatingMethodAccessorImpl.java:43)
	at java.lang.reflect.Method.invoke(Method.java:498)
	at org.testng.internal.MethodInvocationHelper.invokeMethod(MethodInvocationHelper.java:131)
	at org.testng.internal.Invoker.invokeMethod(Invoker.java:658)
	at org.testng.internal.Invoker.invokeTestMethod(Invoker.java:792)
	at org.testng.internal.Invoker.invokeTestMethods(Invoker.java:1103)
	at org.testng.internal.TestMethodWorker.invokeTestMethods(TestMethodWorker.java:140)
	at org.testng.internal.TestMethodWorker.run(TestMethodWorker.java:122)
	at java.util.concurrent.ThreadPoolExecutor.runWorker(ThreadPoolExecutor.java:1149)
	at java.util.concurrent.ThreadPoolExecutor$Worker.run(ThreadPoolExecutor.java:624)
	at java.lang.Thread.run(Thread.java:748)

Body:
{
    "text": "1 Test => FAILED",
    "attachments": [
        {
            "fallback": "fallback",
            "pretext": "détails ci-dessous",
            "color": "#D00000",
            "fields": [
                {
                    "title": "com.clickclack.api.autotests.draft.v1.ClacksEndPointTestSet.postClacksHasStatusCodeCreated",
                    "value": "Connection refused: connect",
                    "short": false
                }
            ]
        }
    ]
}
<html>
  <body>ok</body>
</html>
]]></system-out>
  </testcase>
  <testcase name="postClacksHasStatusCodeCreated" classname="com.clickclack.api.autotests.draft.v1.ClacksEndPointTestSet" time="0.657"/>
  <testcase name="postClacksHasStatusCodeCreated" classname="com.clickclack.api.autotests.draft.v1.ClacksEndPointTestSet" time="0.616"/>
  <testcase name="getClacksWithIdHasStatusCodeOk" classname="com.clickclack.api.autotests.draft.v1.ClacksWithIdEndPointTestSet" time="2.796">
    <failure message="Connection refused: connect" type="java.net.ConnectException">java.net.ConnectException: Connection refused: connect
	at com.clickclack.api.autotests.draft.v1.ClacksWithIdEndPointTestSet.getClacksWithIdHasStatusCodeOk(ClacksWithIdEndPointTestSet.java:29)
</failure>
    <system-out><![CDATA[java.net.ConnectException: Connection refused: connect
	at java.net.DualStackPlainSocketImpl.connect0(Native Method)
	at java.net.DualStackPlainSocketImpl.socketConnect(DualStackPlainSocketImpl.java:79)
	at java.net.AbstractPlainSocketImpl.doConnect(AbstractPlainSocketImpl.java:350)
	at java.net.AbstractPlainSocketImpl.connectToAddress(AbstractPlainSocketImpl.java:206)
	at java.net.AbstractPlainSocketImpl.connect(AbstractPlainSocketImpl.java:188)
	at java.net.PlainSocketImpl.connect(PlainSocketImpl.java:172)
	at java.net.SocksSocketImpl.connect(SocksSocketImpl.java:392)
	at java.net.Socket.connect(Socket.java:589)
	at org.apache.http.conn.scheme.PlainSocketFactory.connectSocket(PlainSocketFactory.java:121)
	at org.apache.http.impl.conn.DefaultClientConnectionOperator.openConnection(DefaultClientConnectionOperator.java:180)
	at org.apache.http.impl.conn.ManagedClientConnectionImpl.open(ManagedClientConnectionImpl.java:326)
	at org.apache.http.impl.client.DefaultRequestDirector.tryConnect(DefaultRequestDirector.java:610)
	at org.apache.http.impl.client.DefaultRequestDirector.execute(DefaultRequestDirector.java:445)
	at org.apache.http.impl.client.AbstractHttpClient.doExecute(AbstractHttpClient.java:835)
	at org.apache.http.impl.client.CloseableHttpClient.execute(CloseableHttpClient.java:83)
	at org.apache.http.impl.client.CloseableHttpClient.execute(CloseableHttpClient.java:56)
	at org.apache.http.client.HttpClient$execute$0.call(Unknown Source)
	at org.codehaus.groovy.runtime.callsite.CallSiteArray.defaultCall(CallSiteArray.java:48)
	at org.apache.http.client.HttpClient$execute$0.call(Unknown Source)
	at io.restassured.internal.RequestSpecificationImpl$RestAssuredHttpBuilder.doRequest(RequestSpecificationImpl.groovy:2141)
	at io.restassured.internal.http.HTTPBuilder.doRequest(HTTPBuilder.java:494)
	at io.restassured.internal.http.HTTPBuilder.request(HTTPBuilder.java:451)
	at io.restassured.internal.http.HTTPBuilder$request$3.call(Unknown Source)
	at io.restassured.internal.RequestSpecificationImpl.sendHttpRequest(RequestSpecificationImpl.groovy:1544)
	at sun.reflect.NativeMethodAccessorImpl.invoke0(Native Method)
	at sun.reflect.NativeMethodAccessorImpl.invoke(NativeMethodAccessorImpl.java:62)
	at sun.reflect.DelegatingMethodAccessorImpl.invoke(DelegatingMethodAccessorImpl.java:43)
	at java.lang.reflect.Method.invoke(Method.java:498)
	at org.codehaus.groovy.reflection.CachedMethod.invoke(CachedMethod.java:93)
	at groovy.lang.MetaMethod.doMethodInvoke(MetaMethod.java:325)
	at groovy.lang.MetaClassImpl.invokeMethod(MetaClassImpl.java:1213)
	at groovy.lang.MetaClassImpl.invokeMethod(MetaClassImpl.java:1022)
	at groovy.lang.MetaClassImpl.invokeMethod(MetaClassImpl.java:810)
	at io.restassured.internal.RequestSpecificationImpl.invokeMethod(RequestSpecificationImpl.groovy)
	at org.codehaus.groovy.runtime.callsite.PogoInterceptableSite.call(PogoInterceptableSite.java:48)
	at org.codehaus.groovy.runtime.callsite.PogoInterceptableSite.callCurrent(PogoInterceptableSite.java:58)
	at io.restassured.internal.RequestSpecificationImpl.sendRequest(RequestSpecificationImpl.groovy:1293)
	at sun.reflect.NativeMethodAccessorImpl.invoke0(Native Method)
	at sun.reflect.NativeMethodAccessorImpl.invoke(NativeMethodAccessorImpl.java:62)
	at sun.reflect.DelegatingMethodAccessorImpl.invoke(DelegatingMethodAccessorImpl.java:43)
	at java.lang.reflect.Method.invoke(Method.java:498)
	at org.codehaus.groovy.reflection.CachedMethod.invoke(CachedMethod.java:93)
	at groovy.lang.MetaMethod.doMethodInvoke(MetaMethod.java:325)
	at groovy.lang.MetaClassImpl.invokeMethod(MetaClassImpl.java:1213)
	at groovy.lang.MetaClassImpl.invokeMethod(MetaClassImpl.java:1022)
	at groovy.lang.MetaClassImpl.invokeMethod(MetaClassImpl.java:810)
	at io.restassured.internal.RequestSpecificationImpl.invokeMethod(RequestSpecificationImpl.groovy)
	at org.codehaus.groovy.runtime.callsite.PogoInterceptableSite.call(PogoInterceptableSite.java:48)
	at org.codehaus.groovy.runtime.callsite.AbstractCallSite.call(AbstractCallSite.java:149)
	at io.restassured.internal.filter.SendRequestFilter.filter(SendRequestFilter.groovy:30)
	at io.restassured.filter.Filter$filter$0.call(Unknown Source)
	at org.codehaus.groovy.runtime.callsite.CallSiteArray.defaultCall(CallSiteArray.java:48)
	at io.restassured.filter.Filter$filter.call(Unknown Source)
	at io.restassured.internal.filter.FilterContextImpl.next(FilterContextImpl.groovy:72)
	at io.restassured.filter.time.TimingFilter.filter(TimingFilter.java:56)
	at io.restassured.filter.Filter$filter.call(Unknown Source)
	at org.codehaus.groovy.runtime.callsite.CallSiteArray.defaultCall(CallSiteArray.java:48)
	at io.restassured.filter.Filter$filter$0.call(Unknown Source)
	at io.restassured.internal.filter.FilterContextImpl.next(FilterContextImpl.groovy:72)
	at io.restassured.filter.FilterContext$next.call(Unknown Source)
	at io.restassured.internal.RequestSpecificationImpl.applyPathParamsAndSendRequest(RequestSpecificationImpl.groovy:1744)
	at sun.reflect.NativeMethodAccessorImpl.invoke0(Native Method)
	at sun.reflect.NativeMethodAccessorImpl.invoke(NativeMethodAccessorImpl.java:62)
	at sun.reflect.DelegatingMethodAccessorImpl.invoke(DelegatingMethodAccessorImpl.java:43)
	at java.lang.reflect.Method.invoke(Method.java:498)
	at org.codehaus.groovy.reflection.CachedMethod.invoke(CachedMethod.java:93)
	at groovy.lang.MetaMethod.doMethodInvoke(MetaMethod.java:325)
	at groovy.lang.MetaClassImpl.invokeMethod(MetaClassImpl.java:1213)
	at groovy.lang.MetaClassImpl.invokeMethod(MetaClassImpl.java:1022)
	at groovy.lang.MetaClassImpl.invokeMethod(MetaClassImpl.java:810)
	at io.restassured.internal.RequestSpecificationImpl.invokeMethod(RequestSpecificationImpl.groovy)
	at org.codehaus.groovy.runtime.callsite.PogoInterceptableSite.call(PogoInterceptableSite.java:48)
	at org.codehaus.groovy.runtime.callsite.PogoInterceptableSite.callCurrent(PogoInterceptableSite.java:58)
	at org.codehaus.groovy.runtime.callsite.AbstractCallSite.callCurrent(AbstractCallSite.java:182)
	at io.restassured.internal.RequestSpecificationImpl.applyPathParamsAndSendRequest(RequestSpecificationImpl.groovy:1750)
	at sun.reflect.NativeMethodAccessorImpl.invoke0(Native Method)
	at sun.reflect.NativeMethodAccessorImpl.invoke(NativeMethodAccessorImpl.java:62)
	at sun.reflect.DelegatingMethodAccessorImpl.invoke(DelegatingMethodAccessorImpl.java:43)
	at java.lang.reflect.Method.invoke(Method.java:498)
	at org.codehaus.groovy.reflection.CachedMethod.invoke(CachedMethod.java:93)
	at groovy.lang.MetaMethod.doMethodInvoke(MetaMethod.java:325)
	at groovy.lang.MetaClassImpl.invokeMethod(MetaClassImpl.java:1213)
	at groovy.lang.MetaClassImpl.invokeMethod(MetaClassImpl.java:1022)
	at groovy.lang.MetaClassImpl.invokeMethod(MetaClassImpl.java:810)
	at io.restassured.internal.RequestSpecificationImpl.invokeMethod(RequestSpecificationImpl.groovy)
	at org.codehaus.groovy.runtime.callsite.PogoInterceptableSite.call(PogoInterceptableSite.java:48)
	at org.codehaus.groovy.runtime.callsite.PogoInterceptableSite.callCurrent(PogoInterceptableSite.java:58)
	at org.codehaus.groovy.runtime.callsite.CallSiteArray.defaultCallCurrent(CallSiteArray.java:52)
	at org.codehaus.groovy.runtime.callsite.AbstractCallSite.callCurrent(AbstractCallSite.java:154)
	at org.codehaus.groovy.runtime.callsite.AbstractCallSite.callCurrent(AbstractCallSite.java:182)
	at io.restassured.internal.RequestSpecificationImpl.get(RequestSpecificationImpl.groovy:171)
	at io.restassured.internal.RequestSpecificationImpl.get(RequestSpecificationImpl.groovy)
	at com.clickclack.api.autotests.draft.v1.ClacksWithIdEndPointTestSet.getClacksWithIdHasStatusCodeOk(ClacksWithIdEndPointTestSet.java:29)
	at sun.reflect.NativeMethodAccessorImpl.invoke0(Native Method)
	at sun.reflect.NativeMethodAccessorImpl.invoke(NativeMethodAccessorImpl.java:62)
	at sun.reflect.DelegatingMethodAccessorImpl.invoke(DelegatingMethodAccessorImpl.java:43)
	at java.lang.reflect.Method.invoke(Method.java:498)
	at org.testng.internal.MethodInvocationHelper.invokeMethod(MethodInvocationHelper.java:131)
	at org.testng.internal.Invoker.invokeMethod(Invoker.java:658)
	at org.testng.internal.Invoker.invokeTestMethod(Invoker.java:792)
	at org.testng.internal.Invoker.invokeTestMethods(Invoker.java:1103)
	at org.testng.internal.TestMethodWorker.invokeTestMethods(TestMethodWorker.java:140)
	at org.testng.internal.TestMethodWorker.run(TestMethodWorker.java:122)
	at java.util.concurrent.ThreadPoolExecutor.runWorker(ThreadPoolExecutor.java:1149)
	at java.util.concurrent.ThreadPoolExecutor$Worker.run(ThreadPoolExecutor.java:624)
	at java.lang.Thread.run(Thread.java:748)

Body:
{
    "text": "1 Test => FAILED",
    "attachments": [
        {
            "fallback": "fallback",
            "pretext": "détails ci-dessous",
            "color": "#D00000",
            "fields": [
                {
                    "title": "com.clickclack.api.autotests.draft.v1.ClacksWithIdEndPointTestSet.getClacksWithIdHasStatusCodeOk",
                    "value": "Connection refused: connect",
                    "short": false
                }
            ]
        }
    ]
}
<html>
  <body>ok</body>
</html>
]]></system-out>
  </testcase>
  <testcase name="getClacksWithIdHasStatusCodeOk" classname="com.clickclack.api.autotests.draft.v1.ClacksWithIdEndPointTestSet" time="1.524"/>
  <testcase name="getClacksWithIdHasStatusCodeOk" classname="com.clickclack.api.autotests.draft.v1.ClacksWithIdEndPointTestSet" time="1.061"/>
  <testcase name="deleteClacksWithIdHasStatusCodeNoContent" classname="com.clickclack.api.autotests.draft.v1.ClacksWithIdEndPointTestSet" time="0">
    <skipped message="Method ClacksWithIdEndPointTestSet.deleteClacksWithIdHasStatusCodeNoContent(java.lang.String)[pri:0, instance:com.clickclack.api.autotests.draft.v1.ClacksWithIdEndPointTestSet@754ba872] depends on not successfully finished methods"/>
  </testcase>
  <testcase name="putClacksWithIdHasStatusCodeOk" classname="com.clickclack.api.autotests.draft.v1.ClacksWithIdEndPointTestSet" time="0">
    <skipped message="Method ClacksWithIdEndPointTestSet.putClacksWithIdHasStatusCodeOk(java.lang.String)[pri:0, instance:com.clickclack.api.autotests.draft.v1.ClacksWithIdEndPointTestSet@754ba872] depends on not successfully finished methods"/>
  </testcase>
  <testcase name="getApiHomeHasStatusCodeOk" classname="com.clickclack.api.autotests.draft.v1.RootEndPointTestSet" time="2.807">
    <failure message="Connection refused: connect" type="java.net.ConnectException">java.net.ConnectException: Connection refused: connect
	at com.clickclack.api.autotests.draft.v1.RootEndPointTestSet.getApiHomeHasStatusCodeOk(RootEndPointTestSet.java:20)
</failure>
    <system-out><![CDATA[java.net.ConnectException: Connection refused: connect
	at java.net.DualStackPlainSocketImpl.connect0(Native Method)
	at java.net.DualStackPlainSocketImpl.socketConnect(DualStackPlainSocketImpl.java:79)
	at java.net.AbstractPlainSocketImpl.doConnect(AbstractPlainSocketImpl.java:350)
	at java.net.AbstractPlainSocketImpl.connectToAddress(AbstractPlainSocketImpl.java:206)
	at java.net.AbstractPlainSocketImpl.connect(AbstractPlainSocketImpl.java:188)
	at java.net.PlainSocketImpl.connect(PlainSocketImpl.java:172)
	at java.net.SocksSocketImpl.connect(SocksSocketImpl.java:392)
	at java.net.Socket.connect(Socket.java:589)
	at org.apache.http.conn.scheme.PlainSocketFactory.connectSocket(PlainSocketFactory.java:121)
	at org.apache.http.impl.conn.DefaultClientConnectionOperator.openConnection(DefaultClientConnectionOperator.java:180)
	at org.apache.http.impl.conn.ManagedClientConnectionImpl.open(ManagedClientConnectionImpl.java:326)
	at org.apache.http.impl.client.DefaultRequestDirector.tryConnect(DefaultRequestDirector.java:610)
	at org.apache.http.impl.client.DefaultRequestDirector.execute(DefaultRequestDirector.java:445)
	at org.apache.http.impl.client.AbstractHttpClient.doExecute(AbstractHttpClient.java:835)
	at org.apache.http.impl.client.CloseableHttpClient.execute(CloseableHttpClient.java:83)
	at org.apache.http.impl.client.CloseableHttpClient.execute(CloseableHttpClient.java:56)
	at org.apache.http.client.HttpClient$execute$0.call(Unknown Source)
	at io.restassured.internal.RequestSpecificationImpl$RestAssuredHttpBuilder.doRequest(RequestSpecificationImpl.groovy:2141)
	at io.restassured.internal.http.HTTPBuilder.doRequest(HTTPBuilder.java:494)
	at io.restassured.internal.http.HTTPBuilder.request(HTTPBuilder.java:451)
	at io.restassured.internal.http.HTTPBuilder$request$3.call(Unknown Source)
	at io.restassured.internal.RequestSpecificationImpl.sendHttpRequest(RequestSpecificationImpl.groovy:1544)
	at sun.reflect.NativeMethodAccessorImpl.invoke0(Native Method)
	at sun.reflect.NativeMethodAccessorImpl.invoke(NativeMethodAccessorImpl.java:62)
	at sun.reflect.DelegatingMethodAccessorImpl.invoke(DelegatingMethodAccessorImpl.java:43)
	at java.lang.reflect.Method.invoke(Method.java:498)
	at org.codehaus.groovy.reflection.CachedMethod.invoke(CachedMethod.java:93)
	at groovy.lang.MetaMethod.doMethodInvoke(MetaMethod.java:325)
	at groovy.lang.MetaClassImpl.invokeMethod(MetaClassImpl.java:1213)
	at groovy.lang.MetaClassImpl.invokeMethod(MetaClassImpl.java:1022)
	at groovy.lang.MetaClassImpl.invokeMethod(MetaClassImpl.java:810)
	at io.restassured.internal.RequestSpecificationImpl.invokeMethod(RequestSpecificationImpl.groovy)
	at org.codehaus.groovy.runtime.callsite.PogoInterceptableSite.call(PogoInterceptableSite.java:48)
	at org.codehaus.groovy.runtime.callsite.PogoInterceptableSite.callCurrent(PogoInterceptableSite.java:58)
	at io.restassured.internal.RequestSpecificationImpl.sendRequest(RequestSpecificationImpl.groovy:1293)
	at sun.reflect.NativeMethodAccessorImpl.invoke0(Native Method)
	at sun.reflect.NativeMethodAccessorImpl.invoke(NativeMethodAccessorImpl.java:62)
	at sun.reflect.DelegatingMethodAccessorImpl.invoke(DelegatingMethodAccessorImpl.java:43)
	at java.lang.reflect.Method.invoke(Method.java:498)
	at org.codehaus.groovy.reflection.CachedMethod.invoke(CachedMethod.java:93)
	at groovy.lang.MetaMethod.doMethodInvoke(MetaMethod.java:325)
	at groovy.lang.MetaClassImpl.invokeMethod(MetaClassImpl.java:1213)
	at groovy.lang.MetaClassImpl.invokeMethod(MetaClassImpl.java:1022)
	at groovy.lang.MetaClassImpl.invokeMethod(MetaClassImpl.java:810)
	at io.restassured.internal.RequestSpecificationImpl.invokeMethod(RequestSpecificationImpl.groovy)
	at org.codehaus.groovy.runtime.callsite.PogoInterceptableSite.call(PogoInterceptableSite.java:48)
	at org.codehaus.groovy.runtime.callsite.AbstractCallSite.call(AbstractCallSite.java:149)
	at io.restassured.internal.filter.SendRequestFilter.filter(SendRequestFilter.groovy:30)
	at io.restassured.filter.Filter$filter$0.call(Unknown Source)
	at org.codehaus.groovy.runtime.callsite.CallSiteArray.defaultCall(CallSiteArray.java:48)
	at io.restassured.filter.Filter$filter.call(Unknown Source)
	at io.restassured.internal.filter.FilterContextImpl.next(FilterContextImpl.groovy:72)
	at io.restassured.filter.time.TimingFilter.filter(TimingFilter.java:56)
	at io.restassured.filter.Filter$filter.call(Unknown Source)
	at org.codehaus.groovy.runtime.callsite.CallSiteArray.defaultCall(CallSiteArray.java:48)
	at io.restassured.filter.Filter$filter$0.call(Unknown Source)
	at io.restassured.internal.filter.FilterContextImpl.next(FilterContextImpl.groovy:72)
	at io.restassured.filter.FilterContext$next.call(Unknown Source)
	at io.restassured.internal.RequestSpecificationImpl.applyPathParamsAndSendRequest(RequestSpecificationImpl.groovy:1744)
	at sun.reflect.NativeMethodAccessorImpl.invoke0(Native Method)
	at sun.reflect.NativeMethodAccessorImpl.invoke(NativeMethodAccessorImpl.java:62)
	at sun.reflect.DelegatingMethodAccessorImpl.invoke(DelegatingMethodAccessorImpl.java:43)
	at java.lang.reflect.Method.invoke(Method.java:498)
	at org.codehaus.groovy.reflection.CachedMethod.invoke(CachedMethod.java:93)
	at groovy.lang.MetaMethod.doMethodInvoke(MetaMethod.java:325)
	at groovy.lang.MetaClassImpl.invokeMethod(MetaClassImpl.java:1213)
	at groovy.lang.MetaClassImpl.invokeMethod(MetaClassImpl.java:1022)
	at groovy.lang.MetaClassImpl.invokeMethod(MetaClassImpl.java:810)
	at io.restassured.internal.RequestSpecificationImpl.invokeMethod(RequestSpecificationImpl.groovy)
	at org.codehaus.groovy.runtime.callsite.PogoInterceptableSite.call(PogoInterceptableSite.java:48)
	at org.codehaus.groovy.runtime.callsite.PogoInterceptableSite.callCurrent(PogoInterceptableSite.java:58)
	at org.codehaus.groovy.runtime.callsite.AbstractCallSite.callCurrent(AbstractCallSite.java:182)
	at io.restassured.internal.RequestSpecificationImpl.request(RequestSpecificationImpl.groovy:295)
	at io.restassured.internal.RequestSpecificationImpl.request(RequestSpecificationImpl.groovy)
	at com.clickclack.api.autotests.common.MyRequest.send(MyRequest.java:71)
	at com.clickclack.api.autotests.draft.v1.RootEndPointTestSet.getApiHomeHasStatusCodeOk(RootEndPointTestSet.java:20)
	at sun.reflect.NativeMethodAccessorImpl.invoke0(Native Method)
	at sun.reflect.NativeMethodAccessorImpl.invoke(NativeMethodAccessorImpl.java:62)
	at sun.reflect.DelegatingMethodAccessorImpl.invoke(DelegatingMethodAccessorImpl.java:43)
	at java.lang.reflect.Method.invoke(Method.java:498)
	at org.testng.internal.MethodInvocationHelper.invokeMethod(MethodInvocationHelper.java:131)
	at org.testng.internal.Invoker.invokeMethod(Invoker.java:658)
	at org.testng.internal.Invoker.invokeTestMethod(Invoker.java:792)
	at org.testng.internal.Invoker.invokeTestMethods(Invoker.java:1103)
	at org.testng.internal.TestMethodWorker.invokeTestMethods(TestMethodWorker.java:140)
	at org.testng.internal.TestMethodWorker.run(TestMethodWorker.java:122)
	at java.util.concurrent.ThreadPoolExecutor.runWorker(ThreadPoolExecutor.java:1149)
	at java.util.concurrent.ThreadPoolExecutor$Worker.run(ThreadPoolExecutor.java:624)
	at java.lang.Thread.run(Thread.java:748)

Body:
{
    "text": "1 Test => FAILED",
    "attachments": [
        {
            "fallback": "fallback",
            "pretext": "détails ci-dessous",
            "color": "#D00000",
            "fields": [
                {
                    "title": "com.clickclack.api.autotests.draft.v1.RootEndPointTestSet.getApiHomeHasStatusCodeOk",
                    "value": "Connection refused: connect",
                    "short": false
                }
            ]
        }
    ]
}
<html>
  <body>ok</body>
</html>
]]></system-out>
  </testcase>
  <testcase name="getApiHomeHasStatusCodeOk" classname="com.clickclack.api.autotests.draft.v1.RootEndPointTestSet" time="0.67"/>
  <testcase name="getApiHomeHasStatusCodeOk" classname="com.clickclack.api.autotests.draft.v1.RootEndPointTestSet" time="0.495"/>
  <testcase name="CRUDClacks" classname="com.clickclack.api.autotests.draft.v1.EndToEndTestSet" time="2.711">
    <failure message="Connection refused: connect" type="java.net.ConnectException">java.net.ConnectException: Connection refused: connect
	at com.clickclack.api.autotests.draft.v1.EndToEndTestSet.CRUDClacks(EndToEndTestSet.java:26)
</failure>
    <system-out><![CDATA[2018-12-12 16:56:40 [TestNG-test=end to end-1] com.clickclack.api.autotests.draft.v1.EndToEndTestSet.CRUDClacks()
INFO: Open API URI and verify status code...
Body:			<none>
java.net.ConnectException: Connection refused: connect
	at java.net.DualStackPlainSocketImpl.connect0(Native Method)
	at java.net.DualStackPlainSocketImpl.socketConnect(DualStackPlainSocketImpl.java:79)
	at java.net.AbstractPlainSocketImpl.doConnect(AbstractPlainSocketImpl.java:350)
	at java.net.AbstractPlainSocketImpl.connectToAddress(AbstractPlainSocketImpl.java:206)
	at java.net.AbstractPlainSocketImpl.connect(AbstractPlainSocketImpl.java:188)
	at java.net.PlainSocketImpl.connect(PlainSocketImpl.java:172)
	at java.net.SocksSocketImpl.connect(SocksSocketImpl.java:392)
	at java.net.Socket.connect(Socket.java:589)
	at org.apache.http.conn.scheme.PlainSocketFactory.connectSocket(PlainSocketFactory.java:121)
	at org.apache.http.impl.conn.DefaultClientConnectionOperator.openConnection(DefaultClientConnectionOperator.java:180)
	at org.apache.http.impl.conn.ManagedClientConnectionImpl.open(ManagedClientConnectionImpl.java:326)
	at org.apache.http.impl.client.DefaultRequestDirector.tryConnect(DefaultRequestDirector.java:610)
	at org.apache.http.impl.client.DefaultRequestDirector.execute(DefaultRequestDirector.java:445)
	at org.apache.http.impl.client.AbstractHttpClient.doExecute(AbstractHttpClient.java:835)
	at org.apache.http.impl.client.CloseableHttpClient.execute(CloseableHttpClient.java:83)
	at org.apache.http.impl.client.CloseableHttpClient.execute(CloseableHttpClient.java:56)
	at org.apache.http.client.HttpClient$execute$0.call(Unknown Source)
	at org.codehaus.groovy.runtime.callsite.CallSiteArray.defaultCall(CallSiteArray.java:48)
	at org.apache.http.client.HttpClient$execute$0.call(Unknown Source)
	at io.restassured.internal.RequestSpecificationImpl$RestAssuredHttpBuilder.doRequest(RequestSpecificationImpl.groovy:2141)
	at io.restassured.internal.http.HTTPBuilder.doRequest(HTTPBuilder.java:494)
	at io.restassured.internal.http.HTTPBuilder.request(HTTPBuilder.java:451)
	at io.restassured.internal.http.HTTPBuilder$request$3.call(Unknown Source)
	at io.restassured.internal.RequestSpecificationImpl.sendHttpRequest(RequestSpecificationImpl.groovy:1544)
	at sun.reflect.NativeMethodAccessorImpl.invoke0(Native Method)
	at sun.reflect.NativeMethodAccessorImpl.invoke(NativeMethodAccessorImpl.java:62)
	at sun.reflect.DelegatingMethodAccessorImpl.invoke(DelegatingMethodAccessorImpl.java:43)
	at java.lang.reflect.Method.invoke(Method.java:498)
	at org.codehaus.groovy.reflection.CachedMethod.invoke(CachedMethod.java:93)
	at groovy.lang.MetaMethod.doMethodInvoke(MetaMethod.java:325)
	at groovy.lang.MetaClassImpl.invokeMethod(MetaClassImpl.java:1213)
	at groovy.lang.MetaClassImpl.invokeMethod(MetaClassImpl.java:1022)
	at groovy.lang.MetaClassImpl.invokeMethod(MetaClassImpl.java:810)
	at io.restassured.internal.RequestSpecificationImpl.invokeMethod(RequestSpecificationImpl.groovy)
	at org.codehaus.groovy.runtime.callsite.PogoInterceptableSite.call(PogoInterceptableSite.java:48)
	at org.codehaus.groovy.runtime.callsite.PogoInterceptableSite.callCurrent(PogoInterceptableSite.java:58)
	at io.restassured.internal.RequestSpecificationImpl.sendRequest(RequestSpecificationImpl.groovy:1293)
	at sun.reflect.GeneratedMethodAccessor76.invoke(Unknown Source)
	at sun.reflect.DelegatingMethodAccessorImpl.invoke(DelegatingMethodAccessorImpl.java:43)
	at java.lang.reflect.Method.invoke(Method.java:498)
	at org.codehaus.groovy.reflection.CachedMethod.invoke(CachedMethod.java:93)
	at groovy.lang.MetaMethod.doMethodInvoke(MetaMethod.java:325)
	at groovy.lang.MetaClassImpl.invokeMethod(MetaClassImpl.java:1213)
	at groovy.lang.MetaClassImpl.invokeMethod(MetaClassImpl.java:1022)
	at groovy.lang.MetaClassImpl.invokeMethod(MetaClassImpl.java:810)
	at io.restassured.internal.RequestSpecificationImpl.invokeMethod(RequestSpecificationImpl.groovy)
	at org.codehaus.groovy.runtime.callsite.PogoInterceptableSite.call(PogoInterceptableSite.java:48)
	at org.codehaus.groovy.runtime.callsite.AbstractCallSite.call(AbstractCallSite.java:149)
	at io.restassured.internal.filter.SendRequestFilter.filter(SendRequestFilter.groovy:30)
	at io.restassured.filter.Filter$filter$0.call(Unknown Source)
	at org.codehaus.groovy.runtime.callsite.CallSiteArray.defaultCall(CallSiteArray.java:48)
	at io.restassured.filter.Filter$filter.call(Unknown Source)
	at io.restassured.internal.filter.FilterContextImpl.next(FilterContextImpl.groovy:72)
	at io.restassured.filter.time.TimingFilter.filter(TimingFilter.java:56)
	at io.restassured.filter.Filter$filter.call(Unknown Source)
	at org.codehaus.groovy.runtime.callsite.CallSiteArray.defaultCall(CallSiteArray.java:48)
	at io.restassured.filter.Filter$filter.call(Unknown Source)
	at io.restassured.internal.filter.FilterContextImpl.next(FilterContextImpl.groovy:72)
	at io.restassured.filter.log.RequestLoggingFilter.filter(RequestLoggingFilter.java:124)
	at io.restassured.filter.Filter$filter.call(Unknown Source)
	at org.codehaus.groovy.runtime.callsite.CallSiteArray.defaultCall(CallSiteArray.java:48)
	at io.restassured.filter.Filter$filter$0.call(Unknown Source)
	at io.restassured.internal.filter.FilterContextImpl.next(FilterContextImpl.groovy:72)
	at io.restassured.filter.FilterContext$next.call(Unknown Source)
	at io.restassured.internal.RequestSpecificationImpl.applyPathParamsAndSendRequest(RequestSpecificationImpl.groovy:1744)
	at sun.reflect.GeneratedMethodAccessor70.invoke(Unknown Source)
	at sun.reflect.DelegatingMethodAccessorImpl.invoke(DelegatingMethodAccessorImpl.java:43)
	at java.lang.reflect.Method.invoke(Method.java:498)
	at org.codehaus.groovy.reflection.CachedMethod.invoke(CachedMethod.java:93)
	at groovy.lang.MetaMethod.doMethodInvoke(MetaMethod.java:325)
	at groovy.lang.MetaClassImpl.invokeMethod(MetaClassImpl.java:1213)
	at groovy.lang.MetaClassImpl.invokeMethod(MetaClassImpl.java:1022)
	at groovy.lang.MetaClassImpl.invokeMethod(MetaClassImpl.java:810)
	at io.restassured.internal.RequestSpecificationImpl.invokeMethod(RequestSpecificationImpl.groovy)
	at org.codehaus.groovy.runtime.callsite.PogoInterceptableSite.call(PogoInterceptableSite.java:48)
	at org.codehaus.groovy.runtime.callsite.PogoInterceptableSite.callCurrent(PogoInterceptableSite.java:58)
	at org.codehaus.groovy.runtime.callsite.AbstractCallSite.callCurrent(AbstractCallSite.java:182)
	at io.restassured.internal.RequestSpecificationImpl.applyPathParamsAndSendRequest(RequestSpecificationImpl.groovy:1750)
	at sun.reflect.NativeMethodAccessorImpl.invoke0(Native Method)
	at sun.reflect.NativeMethodAccessorImpl.invoke(NativeMethodAccessorImpl.java:62)
	at sun.reflect.DelegatingMethodAccessorImpl.invoke(DelegatingMethodAccessorImpl.java:43)
	at java.lang.reflect.Method.invoke(Method.java:498)
	at org.codehaus.groovy.reflection.CachedMethod.invoke(CachedMethod.java:93)
	at groovy.lang.MetaMethod.doMethodInvoke(MetaMethod.java:325)
	at groovy.lang.MetaClassImpl.invokeMethod(MetaClassImpl.java:1213)
	at groovy.lang.MetaClassImpl.invokeMethod(MetaClassImpl.java:1022)
	at groovy.lang.MetaClassImpl.invokeMethod(MetaClassImpl.java:810)
	at io.restassured.internal.RequestSpecificationImpl.invokeMethod(RequestSpecificationImpl.groovy)
	at org.codehaus.groovy.runtime.callsite.PogoInterceptableSite.call(PogoInterceptableSite.java:48)
	at org.codehaus.groovy.runtime.callsite.PogoInterceptableSite.callCurrent(PogoInterceptableSite.java:58)
	at org.codehaus.groovy.runtime.callsite.AbstractCallSite.callCurrent(AbstractCallSite.java:182)
	at io.restassured.internal.RequestSpecificationImpl.get(RequestSpecificationImpl.groovy:171)
	at io.restassured.internal.RequestSpecificationImpl.get(RequestSpecificationImpl.groovy)
	at com.clickclack.api.autotests.draft.v1.EndToEndTestSet.CRUDClacks(EndToEndTestSet.java:26)
	at sun.reflect.NativeMethodAccessorImpl.invoke0(Native Method)
	at sun.reflect.NativeMethodAccessorImpl.invoke(NativeMethodAccessorImpl.java:62)
	at sun.reflect.DelegatingMethodAccessorImpl.invoke(DelegatingMethodAccessorImpl.java:43)
	at java.lang.reflect.Method.invoke(Method.java:498)
	at org.testng.internal.MethodInvocationHelper.invokeMethod(MethodInvocationHelper.java:131)
	at org.testng.internal.Invoker.invokeMethod(Invoker.java:658)
	at org.testng.internal.Invoker.invokeTestMethod(Invoker.java:792)
	at org.testng.internal.Invoker.invokeTestMethods(Invoker.java:1103)
	at org.testng.internal.TestMethodWorker.invokeTestMethods(TestMethodWorker.java:140)
	at org.testng.internal.TestMethodWorker.run(TestMethodWorker.java:122)
	at java.util.concurrent.ThreadPoolExecutor.runWorker(ThreadPoolExecutor.java:1149)
	at java.util.concurrent.ThreadPoolExecutor$Worker.run(ThreadPoolExecutor.java:624)
	at java.lang.Thread.run(Thread.java:748)

Body:
{
    "text": "1 Test => FAILED",
    "attachments": [
        {
            "fallback": "fallback",
            "pretext": "détails ci-dessous",
            "color": "#D00000",
            "fields": [
                {
                    "title": "com.clickclack.api.autotests.draft.v1.EndToEndTestSet.CRUDClacks",
                    "value": "Connection refused: connect",
                    "short": false
                }
            ]
        }
    ]
}
<html>
  <body>ok</body>
</html>
]]></system-out>
  </testcase>
  <testcase name="CRUDClacks" classname="com.clickclack.api.autotests.draft.v1.EndToEndTestSet" time="6.086"/>
  <testcase name="CRUDClacks" classname="com.clickclack.api.autotests.draft.v1.EndToEndTestSet" time="5.222"/>
</testsuite>