<?xml version="1.0" encoding="UTF-8"?>
<!-- Generated by org.testng.reporters.JUnitReportReporter -->
<testsuite skipped="0" hostname="L-5CG5435LFM" name="com.clickclack.api.autotests.draft.v1.ClacksEndPointTestSet" tests="2" failures="0" timestamp="2018-12-13T16:22:47 CET" time="1.828" errors="0">
  <testcase name="postClacksHasStatusCodeCreated" time="1.144" classname="com.clickclack.api.autotests.draft.v1.ClacksEndPointTestSet"/>
  <testcase name="getClacksHasStatusCodeOk" time="0.684" classname="com.clickclack.api.autotests.draft.v1.ClacksEndPointTestSet"/>
</testsuite> <!-- com.clickclack.api.autotests.draft.v1.ClacksEndPointTestSet -->
