<?xml version="1.0" encoding="UTF-8"?>
<!-- Generated by org.testng.reporters.JUnitReportReporter -->
<testsuite skipped="0" hostname="L-5CG5435LFM" name="com.clickclack.api.autotests.draft.v1.RootEndPointTestSet" tests="1" failures="0" timestamp="2018-12-13T16:22:47 CET" time="0.562" errors="0">
  <testcase name="getApiHomeHasStatusCodeOk" time="0.562" classname="com.clickclack.api.autotests.draft.v1.RootEndPointTestSet"/>
</testsuite> <!-- com.clickclack.api.autotests.draft.v1.RootEndPointTestSet -->
