<?xml version="1.0" encoding="UTF-8"?>
<!-- Generated by org.testng.reporters.JUnitReportReporter -->
<testsuite skipped="0" hostname="L-5CG5435LFM" name="com.clickclack.api.autotests.draft.v1.EndToEndTestSet" tests="1" failures="0" timestamp="2018-12-13T16:22:47 CET" time="5.929" errors="0">
  <testcase name="CRUDClacks" time="5.929" classname="com.clickclack.api.autotests.draft.v1.EndToEndTestSet"/>
</testsuite> <!-- com.clickclack.api.autotests.draft.v1.EndToEndTestSet -->
