<?xml version="1.0" encoding="UTF-8"?>
<!-- Generated by org.testng.reporters.JUnitReportReporter -->
<testsuite skipped="0" hostname="L-5CG5435LFM" name="com.clickclack.api.autotests.draft.v1.ClacksWithIdEndPointTestSet" tests="3" failures="0" timestamp="2018-12-13T16:22:47 CET" time="2.988" errors="0">
  <testcase name="putClacksWithIdHasStatusCodeOk" time="0.575" classname="com.clickclack.api.autotests.draft.v1.ClacksWithIdEndPointTestSet"/>
  <testcase name="getClacksWithIdHasStatusCodeOk" time="1.825" classname="com.clickclack.api.autotests.draft.v1.ClacksWithIdEndPointTestSet"/>
  <testcase name="deleteClacksWithIdHasStatusCodeNoContent" time="0.588" classname="com.clickclack.api.autotests.draft.v1.ClacksWithIdEndPointTestSet"/>
</testsuite> <!-- com.clickclack.api.autotests.draft.v1.ClacksWithIdEndPointTestSet -->
